{"time":"2026-04-02T20:50:23.076885Z","level":"INFO","msg":"starting executor grpc server","svc":"executor","addr":":50053"}
{"time":"2026-04-02T20:50:23.080667Z","level":"INFO","msg":"service starting","caller":"executor","service":"executor"}
{"time":"2026-04-02T20:50:23.080701Z","level":"INFO","msg":"subscribing to function queue"}
{"time":"2026-04-02T20:50:23.080712Z","level":"INFO","msg":"Executor started in assignedQueueShard Mode","queue_shard":"default"}
{"time":"2026-04-02T20:50:23.080728Z","level":"INFO","msg":"starting event stream","backend":"redis"}
{"time":"2026-04-02T20:50:23.080748Z","level":"INFO","msg":"service starting","caller":"runner","service":"runner"}
{"time":"2026-04-02T20:50:23.0807Z","level":"INFO","msg":"service starting","caller":"lease-scavenger","service":"lease-scavenger"}
{"time":"2026-04-02T20:50:23.080799Z","level":"INFO","msg":"autodiscovering locally hosted SDKs"}
{"time":"2026-04-02T20:50:23.080682Z","level":"INFO","msg":"service starting","caller":"api","service":"api"}
{"time":"2026-04-02T20:50:23.080847Z","level":"INFO","msg":"starting server","caller":"api","addr":"0.0.0.0:8288"}
{"time":"2026-04-02T20:50:23.080935Z","level":"INFO","msg":"service starting","caller":"connect-gateway","service":"connect-gateway"}
{"time":"2026-04-02T20:50:23.080776Z","level":"INFO","msg":"service starting","caller":"devserver","service":"devserver"}
{"time":"2026-04-02T20:50:23.081504Z","level":"INFO","msg":"starting connect gateway grpc server","caller":"connect-gateway","addr":":50052"}
{"time":"2026-04-02T20:50:23.081817Z","level":"INFO","msg":"apps synced, disabling auto-discovery"}
{"time":"2026-04-02T20:50:23.083222Z","level":"INFO","msg":"subscribing to events","topic":"events"}
{"time":"2026-04-02T21:36:10.677131Z","level":"WARN","msg":"queue operation took >1s","op":"partition_peek","duration":1008567167}
{"time":"2026-04-03T11:56:07.696658Z","level":"INFO","msg":"starting executor grpc server","svc":"executor","addr":":50053"}
{"time":"2026-04-03T11:56:07.699982Z","level":"INFO","msg":"service starting","caller":"devserver","service":"devserver"}
{"time":"2026-04-03T11:56:07.7Z","level":"INFO","msg":"service starting","caller":"lease-scavenger","service":"lease-scavenger"}
{"time":"2026-04-03T11:56:07.700038Z","level":"INFO","msg":"service starting","caller":"executor","service":"executor"}
{"time":"2026-04-03T11:56:07.700016Z","level":"INFO","msg":"autodiscovering locally hosted SDKs"}
{"time":"2026-04-03T11:56:07.7002Z","level":"INFO","msg":"subscribing to function queue"}
{"time":"2026-04-03T11:56:07.700614Z","level":"INFO","msg":"Executor started in assignedQueueShard Mode","queue_shard":"default"}
{"time":"2026-04-03T11:56:07.700834Z","level":"INFO","msg":"starting event stream","backend":"redis"}
{"time":"2026-04-03T11:56:07.700903Z","level":"INFO","msg":"service starting","caller":"runner","service":"runner"}
{"time":"2026-04-03T11:56:07.700945Z","level":"INFO","msg":"service starting","caller":"api","service":"api"}
{"time":"2026-04-03T11:56:07.700976Z","level":"INFO","msg":"starting server","caller":"api","addr":"0.0.0.0:8288"}
{"time":"2026-04-03T11:56:07.701468Z","level":"INFO","msg":"service starting","caller":"connect-gateway","service":"connect-gateway"}
{"time":"2026-04-03T11:56:07.701619Z","level":"INFO","msg":"starting connect gateway grpc server","caller":"connect-gateway","addr":":50052"}
{"time":"2026-04-03T11:56:07.704556Z","level":"INFO","msg":"apps synced, disabling auto-discovery"}
{"time":"2026-04-03T11:56:07.706941Z","level":"INFO","msg":"subscribing to events","topic":"events"}
{"time":"2026-04-03T12:01:12.542606Z","level":"INFO","msg":"publishing event","caller":"api","event_name":"campaign/copy-fixed-message","internal_id":"01KN9KG0AQN6TB6ENT7NVR2YSF","external_id":"01KN9KG0AQN6TB6ENT7NVR2YSF","event":{"id":"01KN9KG0AQN6TB6ENT7NVR2YSF","name":"campaign/copy-fixed-message","data":{"campaignId":"cmniur8un0001sntxomzr4ws4"},"ts":1775217672535}}
{"time":"2026-04-03T12:01:12.743096Z","level":"INFO","msg":"received event","event":"campaign/copy-fixed-message","event_id":"01KN9KG0AQN6TB6ENT7NVR2YSF","internal_id":"01KN9KG0AQN6TB6ENT7NVR2YSF"}
{"time":"2026-04-03T12:01:12.745077Z","level":"INFO","msg":"initializing fn","event":"campaign/copy-fixed-message","event_id":"01KN9KG0AQN6TB6ENT7NVR2YSF","internal_id":"01KN9KG0AQN6TB6ENT7NVR2YSF","function":"Copy Fixed Message to Prospects","function_id":"d1c4b460-a2d8-599a-a3b1-9395a83e7c7e"}
{"time":"2026-04-03T12:01:14.24841Z","level":"INFO","msg":"received event","event":"inngest/function.finished","event_id":"01KN9KG1RQH3FS9CKX574V9BS8","internal_id":"01KN9KG1RQ9TP6QC9CK5TSARNT"}
{"time":"2026-04-03T12:07:19.749852Z","level":"INFO","msg":"publishing event","caller":"api","event_name":"campaign/copy-fixed-message","internal_id":"01KN9KV6Y3SJVG4M7NV72ED2X7","external_id":"01KN9KV6Y3SJVG4M7NV72ED2X7","event":{"id":"01KN9KV6Y3SJVG4M7NV72ED2X7","name":"campaign/copy-fixed-message","data":{"campaignId":"cmniuyzzg0004sntxq9eqmno9"},"ts":1775218039747}}
{"time":"2026-04-03T12:07:19.933343Z","level":"INFO","msg":"received event","event":"campaign/copy-fixed-message","event_id":"01KN9KV6Y3SJVG4M7NV72ED2X7","internal_id":"01KN9KV6Y3SJVG4M7NV72ED2X7"}
{"time":"2026-04-03T12:07:19.934214Z","level":"INFO","msg":"initializing fn","event":"campaign/copy-fixed-message","event_id":"01KN9KV6Y3SJVG4M7NV72ED2X7","internal_id":"01KN9KV6Y3SJVG4M7NV72ED2X7","function":"Copy Fixed Message to Prospects","function_id":"d1c4b460-a2d8-599a-a3b1-9395a83e7c7e"}
{"time":"2026-04-03T12:07:20.685302Z","level":"INFO","msg":"received event","event":"inngest/function.finished","event_id":"01KN9KV7M8JY8FVYRRV0XH0NH5","internal_id":"01KN9KV7M8AGQ537NEQFJEW2K4"}
{"time":"2026-04-03T12:09:33.212878Z","level":"INFO","msg":"publishing event","caller":"api","event_name":"campaign/send-messages","internal_id":"01KN9KZ98VD5SBF5WDP7ESRPHM","external_id":"01KN9KZ98VD5SBF5WDP7ESRPHM","event":{"id":"01KN9KZ98VD5SBF5WDP7ESRPHM","name":"campaign/send-messages","data":{"campaignId":"cmniuyzzg0004sntxq9eqmno9"},"ts":1775218173211}}
{"time":"2026-04-03T12:09:33.451063Z","level":"INFO","msg":"received event","event":"campaign/send-messages","event_id":"01KN9KZ98VD5SBF5WDP7ESRPHM","internal_id":"01KN9KZ98VD5SBF5WDP7ESRPHM"}
{"time":"2026-04-03T12:09:33.452255Z","level":"INFO","msg":"initializing fn","event":"campaign/send-messages","event_id":"01KN9KZ98VD5SBF5WDP7ESRPHM","internal_id":"01KN9KZ98VD5SBF5WDP7ESRPHM","function":"campaign-send-messages","function_id":"8dcdb0fd-f6e3-5079-af63-1193d0ed674c"}
{"time":"2026-04-03T12:09:35.956952Z","level":"INFO","msg":"received event","event":"inngest/function.finished","event_id":"01KN9KZBS5NPJ6C3YYM9JCVF5K","internal_id":"01KN9KZBS5Z4EBG7F32KK9GY0M"}
{"time":"2026-04-03T12:18:51.991248Z","level":"INFO","msg":"publishing event","caller":"api","event_name":"campaign/copy-fixed-message","internal_id":"01KN9MGAYNFA7JCTVG4RWMHYMF","external_id":"01KN9MGAYNFA7JCTVG4RWMHYMF","event":{"id":"01KN9MGAYNFA7JCTVG4RWMHYMF","name":"campaign/copy-fixed-message","data":{"campaignId":"cmnivdsjr0007sntxx56qct4n"},"ts":1775218731989}}
{"time":"2026-04-03T12:18:51.997457Z","level":"INFO","msg":"received event","event":"campaign/copy-fixed-message","event_id":"01KN9MGAYNFA7JCTVG4RWMHYMF","internal_id":"01KN9MGAYNFA7JCTVG4RWMHYMF"}
{"time":"2026-04-03T12:18:51.997789Z","level":"INFO","msg":"initializing fn","event":"campaign/copy-fixed-message","event_id":"01KN9MGAYNFA7JCTVG4RWMHYMF","internal_id":"01KN9MGAYNFA7JCTVG4RWMHYMF","function":"Copy Fixed Message to Prospects","function_id":"d1c4b460-a2d8-599a-a3b1-9395a83e7c7e"}
{"time":"2026-04-03T12:18:52.74882Z","level":"INFO","msg":"received event","event":"inngest/function.finished","event_id":"01KN9MGBGEY3J4BB73NECVYG5M","internal_id":"01KN9MGBGEATDAPKSB80YNHC4J"}
{"time":"2026-04-03T12:18:58.148516Z","level":"INFO","msg":"publishing event","caller":"api","event_name":"campaign/send-messages","internal_id":"01KN9MGGZ24XDH5GMZ550QCSS2","external_id":"01KN9MGGZ24XDH5GMZ550QCSS2","event":{"id":"01KN9MGGZ24XDH5GMZ550QCSS2","name":"campaign/send-messages","data":{"campaignId":"cmnivdsjr0007sntxx56qct4n"},"ts":1775218738146}}
{"time":"2026-04-03T12:18:58.272842Z","level":"INFO","msg":"received event","event":"campaign/send-messages","event_id":"01KN9MGGZ24XDH5GMZ550QCSS2","internal_id":"01KN9MGGZ24XDH5GMZ550QCSS2"}
{"time":"2026-04-03T12:18:58.273107Z","level":"INFO","msg":"initializing fn","event":"campaign/send-messages","event_id":"01KN9MGGZ24XDH5GMZ550QCSS2","internal_id":"01KN9MGGZ24XDH5GMZ550QCSS2","function":"campaign-send-messages","function_id":"8dcdb0fd-f6e3-5079-af63-1193d0ed674c"}
{"time":"2026-04-03T12:19:04.050524Z","level":"INFO","msg":"received event","event":"inngest/function.finished","event_id":"01KN9MGPN2VCT8W10JE2KQYW96","internal_id":"01KN9MGPN27CSWASN6WC6PC2ER"}
{"time":"2026-04-03T12:33:56.531818Z","level":"INFO","msg":"starting executor grpc server","svc":"executor","addr":":50053"}
{"time":"2026-04-03T12:33:56.533966Z","level":"INFO","msg":"service starting","caller":"executor","service":"executor"}
{"time":"2026-04-03T12:33:56.533975Z","level":"INFO","msg":"autodiscovering locally hosted SDKs"}
{"time":"2026-04-03T12:33:56.533975Z","level":"INFO","msg":"service starting","caller":"devserver","service":"devserver"}
{"time":"2026-04-03T12:33:56.534136Z","level":"INFO","msg":"starting event stream","backend":"redis"}
{"time":"2026-04-03T12:33:56.534426Z","level":"INFO","msg":"subscribing to function queue"}
{"time":"2026-04-03T12:33:56.534552Z","level":"INFO","msg":"service starting","caller":"lease-scavenger","service":"lease-scavenger"}
{"time":"2026-04-03T12:33:56.534558Z","level":"INFO","msg":"service starting","caller":"runner","service":"runner"}
{"time":"2026-04-03T12:33:56.534595Z","level":"INFO","msg":"Executor started in assignedQueueShard Mode","queue_shard":"default"}
{"time":"2026-04-03T12:33:56.534799Z","level":"INFO","msg":"service starting","caller":"api","service":"api"}
{"time":"2026-04-03T12:33:56.53481Z","level":"INFO","msg":"starting server","caller":"api","addr":"0.0.0.0:8288"}
{"time":"2026-04-03T12:33:56.535384Z","level":"INFO","msg":"service starting","caller":"connect-gateway","service":"connect-gateway"}
{"time":"2026-04-03T12:33:56.535672Z","level":"INFO","msg":"starting connect gateway grpc server","caller":"connect-gateway","addr":":50052"}
{"time":"2026-04-03T12:33:56.537627Z","level":"INFO","msg":"subscribing to events","topic":"events"}
{"time":"2026-04-03T12:34:03.559116Z","level":"INFO","msg":"apps synced, disabling auto-discovery"}
{"time":"2026-04-03T12:49:13.059011Z","level":"INFO","msg":"starting executor grpc server","svc":"executor","addr":":50053"}
{"time":"2026-04-03T12:49:13.061932Z","level":"INFO","msg":"service starting","caller":"connect-gateway","service":"connect-gateway"}
{"time":"2026-04-03T12:49:13.061934Z","level":"INFO","msg":"autodiscovering locally hosted SDKs"}
{"time":"2026-04-03T12:49:13.061951Z","level":"INFO","msg":"service starting","caller":"devserver","service":"devserver"}
{"time":"2026-04-03T12:49:13.061956Z","level":"INFO","msg":"starting event stream","backend":"redis"}
{"time":"2026-04-03T12:49:13.061992Z","level":"INFO","msg":"service starting","caller":"runner","service":"runner"}
{"time":"2026-04-03T12:49:13.061932Z","level":"INFO","msg":"service starting","caller":"api","service":"api"}
{"time":"2026-04-03T12:49:13.062012Z","level":"INFO","msg":"starting server","caller":"api","addr":"0.0.0.0:8288"}
{"time":"2026-04-03T12:49:13.061944Z","level":"INFO","msg":"service starting","caller":"lease-scavenger","service":"lease-scavenger"}
{"time":"2026-04-03T12:49:13.061932Z","level":"INFO","msg":"service starting","caller":"executor","service":"executor"}
{"time":"2026-04-03T12:49:13.06204Z","level":"INFO","msg":"subscribing to function queue"}
{"time":"2026-04-03T12:49:13.062049Z","level":"INFO","msg":"Executor started in assignedQueueShard Mode","queue_shard":"default"}
{"time":"2026-04-03T12:49:13.062077Z","level":"INFO","msg":"starting connect gateway grpc server","caller":"connect-gateway","addr":":50052"}
{"time":"2026-04-03T12:49:13.064833Z","level":"INFO","msg":"subscribing to events","topic":"events"}
{"time":"2026-04-03T12:49:19.473431Z","level":"INFO","msg":"apps synced, disabling auto-discovery"}
{"time":"2026-04-03T14:49:40.186169Z","level":"INFO","msg":"starting executor grpc server","svc":"executor","addr":":50053"}
{"time":"2026-04-03T14:49:40.188153Z","level":"INFO","msg":"service starting","caller":"lease-scavenger","service":"lease-scavenger"}
{"time":"2026-04-03T14:49:40.188151Z","level":"INFO","msg":"service starting","caller":"executor","service":"executor"}
{"time":"2026-04-03T14:49:40.188176Z","level":"INFO","msg":"subscribing to function queue"}
{"time":"2026-04-03T14:49:40.188185Z","level":"INFO","msg":"Executor started in assignedQueueShard Mode","queue_shard":"default"}
{"time":"2026-04-03T14:49:40.188191Z","level":"INFO","msg":"service starting","caller":"devserver","service":"devserver"}
{"time":"2026-04-03T14:49:40.188196Z","level":"INFO","msg":"autodiscovering locally hosted SDKs"}
{"time":"2026-04-03T14:49:40.188172Z","level":"INFO","msg":"service starting","caller":"api","service":"api"}
{"time":"2026-04-03T14:49:40.188259Z","level":"INFO","msg":"starting server","caller":"api","addr":"0.0.0.0:8288"}
{"time":"2026-04-03T14:49:40.188342Z","level":"INFO","msg":"service starting","caller":"connect-gateway","service":"connect-gateway"}
{"time":"2026-04-03T14:49:40.188264Z","level":"INFO","msg":"starting event stream","backend":"redis"}
{"time":"2026-04-03T14:49:40.188389Z","level":"INFO","msg":"service starting","caller":"runner","service":"runner"}
{"time":"2026-04-03T14:49:40.188486Z","level":"INFO","msg":"starting connect gateway grpc server","caller":"connect-gateway","addr":":50052"}
{"time":"2026-04-03T14:49:40.190126Z","level":"INFO","msg":"subscribing to events","topic":"events"}
{"time":"2026-04-03T14:49:46.561569Z","level":"INFO","msg":"apps synced, disabling auto-discovery"}
